1557938398.424934 client started (12635): version 2.9a, socket /tmp/tmux-1000/default, protocol 8
1557938398.425013 on Linux 5.0.13-arch1-1-ARCH #1 SMP PREEMPT Sun May 5 18:05:41 UTC 2019; libevent 2.1.8-stable (poll)
1557938398.425060 socket is /tmp/tmux-1000/default
1557938398.425091 trying connect
1557938398.425246 add peer 0x55f931c9d220: 7 ((nil))
1557938398.425421 sending message 100 to peer 0x55f931c9d220 (4 bytes)
1557938398.425441 sending message 101 to peer 0x55f931c9d220 (15 bytes)
1557938398.425452 sending message 102 to peer 0x55f931c9d220 (11 bytes)
1557938398.425462 sending message 108 to peer 0x55f931c9d220 (43 bytes)
1557938398.425474 sending message 104 to peer 0x55f931c9d220 (0 bytes)
1557938398.425485 sending message 107 to peer 0x55f931c9d220 (4 bytes)
1557938398.425495 sending message 105 to peer 0x55f931c9d220 (66 bytes)
1557938398.425505 sending message 105 to peer 0x55f931c9d220 (19 bytes)
1557938398.425515 sending message 105 to peer 0x55f931c9d220 (26 bytes)
1557938398.425525 sending message 105 to peer 0x55f931c9d220 (20 bytes)
1557938398.425536 sending message 105 to peer 0x55f931c9d220 (54 bytes)
1557938398.425546 sending message 105 to peer 0x55f931c9d220 (23 bytes)
1557938398.425555 sending message 105 to peer 0x55f931c9d220 (11 bytes)
1557938398.425564 sending message 105 to peer 0x55f931c9d220 (12 bytes)
1557938398.425573 sending message 105 to peer 0x55f931c9d220 (26 bytes)
1557938398.425582 sending message 105 to peer 0x55f931c9d220 (18 bytes)
1557938398.425592 sending message 105 to peer 0x55f931c9d220 (43 bytes)
1557938398.425601 sending message 105 to peer 0x55f931c9d220 (84 bytes)
1557938398.425611 sending message 105 to peer 0x55f931c9d220 (74 bytes)
1557938398.425620 sending message 105 to peer 0x55f931c9d220 (35 bytes)
1557938398.425629 sending message 105 to peer 0x55f931c9d220 (44 bytes)
1557938398.425645 sending message 105 to peer 0x55f931c9d220 (32 bytes)
1557938398.425655 sending message 105 to peer 0x55f931c9d220 (18 bytes)
1557938398.425664 sending message 105 to peer 0x55f931c9d220 (23 bytes)
1557938398.425673 sending message 105 to peer 0x55f931c9d220 (49 bytes)
1557938398.425682 sending message 105 to peer 0x55f931c9d220 (17 bytes)
1557938398.425692 sending message 105 to peer 0x55f931c9d220 (13 bytes)
1557938398.425701 sending message 105 to peer 0x55f931c9d220 (8 bytes)
1557938398.425710 sending message 105 to peer 0x55f931c9d220 (15 bytes)
1557938398.425719 sending message 105 to peer 0x55f931c9d220 (32 bytes)
1557938398.425729 sending message 105 to peer 0x55f931c9d220 (1506 bytes)
1557938398.425765 sending message 105 to peer 0x55f931c9d220 (28 bytes)
1557938398.425776 sending message 105 to peer 0x55f931c9d220 (41 bytes)
1557938398.425786 sending message 105 to peer 0x55f931c9d220 (43 bytes)
1557938398.425796 sending message 105 to peer 0x55f931c9d220 (49 bytes)
1557938398.425807 sending message 105 to peer 0x55f931c9d220 (15 bytes)
1557938398.425817 sending message 105 to peer 0x55f931c9d220 (50 bytes)
1557938398.425827 sending message 105 to peer 0x55f931c9d220 (11 bytes)
1557938398.425837 sending message 105 to peer 0x55f931c9d220 (675 bytes)
1557938398.425848 sending message 105 to peer 0x55f931c9d220 (47 bytes)
1557938398.425858 sending message 105 to peer 0x55f931c9d220 (21 bytes)
1557938398.425867 sending message 105 to peer 0x55f931c9d220 (27 bytes)
1557938398.425877 sending message 105 to peer 0x55f931c9d220 (24 bytes)
1557938398.425886 sending message 105 to peer 0x55f931c9d220 (15 bytes)
1557938398.425896 sending message 105 to peer 0x55f931c9d220 (8 bytes)
1557938398.425906 sending message 105 to peer 0x55f931c9d220 (41 bytes)
1557938398.425916 sending message 105 to peer 0x55f931c9d220 (20 bytes)
1557938398.425926 sending message 105 to peer 0x55f931c9d220 (35 bytes)
1557938398.425936 sending message 105 to peer 0x55f931c9d220 (13 bytes)
1557938398.425946 sending message 105 to peer 0x55f931c9d220 (53 bytes)
1557938398.425955 sending message 105 to peer 0x55f931c9d220 (12 bytes)
1557938398.425965 sending message 105 to peer 0x55f931c9d220 (17 bytes)
1557938398.425994 sending message 105 to peer 0x55f931c9d220 (36 bytes)
1557938398.426004 sending message 105 to peer 0x55f931c9d220 (27 bytes)
1557938398.426014 sending message 105 to peer 0x55f931c9d220 (144 bytes)
1557938398.426024 sending message 105 to peer 0x55f931c9d220 (50 bytes)
1557938398.426034 sending message 105 to peer 0x55f931c9d220 (31 bytes)
1557938398.426043 sending message 105 to peer 0x55f931c9d220 (15 bytes)
1557938398.426053 sending message 105 to peer 0x55f931c9d220 (52 bytes)
1557938398.426062 sending message 105 to peer 0x55f931c9d220 (23 bytes)
1557938398.426073 sending message 105 to peer 0x55f931c9d220 (27 bytes)
1557938398.426083 sending message 105 to peer 0x55f931c9d220 (17 bytes)
1557938398.426092 sending message 105 to peer 0x55f931c9d220 (58 bytes)
1557938398.426166 sending message 105 to peer 0x55f931c9d220 (21 bytes)
1557938398.426194 sending message 105 to peer 0x55f931c9d220 (11 bytes)
1557938398.426212 sending message 105 to peer 0x55f931c9d220 (28 bytes)
1557938398.426227 sending message 105 to peer 0x55f931c9d220 (16 bytes)
1557938398.426243 sending message 105 to peer 0x55f931c9d220 (20 bytes)
1557938398.426260 sending message 105 to peer 0x55f931c9d220 (14 bytes)
1557938398.426279 sending message 105 to peer 0x55f931c9d220 (35 bytes)
1557938398.426298 sending message 105 to peer 0x55f931c9d220 (15 bytes)
1557938398.426312 sending message 105 to peer 0x55f931c9d220 (27 bytes)
1557938398.426322 sending message 105 to peer 0x55f931c9d220 (18 bytes)
1557938398.426332 sending message 105 to peer 0x55f931c9d220 (10 bytes)
1557938398.426342 sending message 105 to peer 0x55f931c9d220 (14 bytes)
1557938398.426351 sending message 105 to peer 0x55f931c9d220 (18 bytes)
1557938398.426361 sending message 105 to peer 0x55f931c9d220 (20 bytes)
1557938398.426371 sending message 105 to peer 0x55f931c9d220 (27 bytes)
1557938398.426381 sending message 105 to peer 0x55f931c9d220 (24 bytes)
1557938398.426390 sending message 105 to peer 0x55f931c9d220 (23 bytes)
1557938398.426400 sending message 105 to peer 0x55f931c9d220 (11 bytes)
1557938398.426410 sending message 105 to peer 0x55f931c9d220 (16 bytes)
1557938398.426420 sending message 105 to peer 0x55f931c9d220 (15 bytes)
1557938398.426430 sending message 105 to peer 0x55f931c9d220 (15 bytes)
1557938398.426440 sending message 105 to peer 0x55f931c9d220 (15 bytes)
1557938398.426449 sending message 105 to peer 0x55f931c9d220 (23 bytes)
1557938398.426459 sending message 105 to peer 0x55f931c9d220 (15 bytes)
1557938398.426469 sending message 105 to peer 0x55f931c9d220 (17 bytes)
1557938398.426478 sending message 105 to peer 0x55f931c9d220 (9 bytes)
1557938398.426488 sending message 105 to peer 0x55f931c9d220 (17 bytes)
1557938398.426497 sending message 105 to peer 0x55f931c9d220 (14 bytes)
1557938398.426507 sending message 105 to peer 0x55f931c9d220 (28 bytes)
1557938398.426517 sending message 105 to peer 0x55f931c9d220 (21 bytes)
1557938398.426527 sending message 105 to peer 0x55f931c9d220 (19 bytes)
1557938398.426536 sending message 105 to peer 0x55f931c9d220 (18 bytes)
1557938398.426546 sending message 105 to peer 0x55f931c9d220 (26 bytes)
1557938398.426555 sending message 105 to peer 0x55f931c9d220 (20 bytes)
1557938398.426564 sending message 105 to peer 0x55f931c9d220 (21 bytes)
1557938398.426573 sending message 105 to peer 0x55f931c9d220 (24 bytes)
1557938398.426583 sending message 105 to peer 0x55f931c9d220 (18 bytes)
1557938398.426592 sending message 106 to peer 0x55f931c9d220 (0 bytes)
1557938398.426603 sending message 200 to peer 0x55f931c9d220 (4 bytes)
1557938398.426613 client loop enter
1557938398.433125 peer 0x55f931c9d220 message 211
1557938398.433164 client_write: sessions should be nested with care, unset $TMUX to force\n
1557938398.433201 peer 0x55f931c9d220 message 203
1557938398.433222 client loop exit
